[2025-10-30T13:25:06.339+0000] {taskinstance.py:1956} INFO - Dependencies all met for dep_context=non-requeueable deps ti=<TaskInstance: dag2_kafka_elastic_gcs.PutElasticSearch scheduled__2025-10-30T13:24:00+00:00 [queued]>
[2025-10-30T13:25:06.348+0000] {taskinstance.py:1956} INFO - Dependencies all met for dep_context=requeueable deps ti=<TaskInstance: dag2_kafka_elastic_gcs.PutElasticSearch scheduled__2025-10-30T13:24:00+00:00 [queued]>
[2025-10-30T13:25:06.349+0000] {taskinstance.py:2170} INFO - Starting attempt 1 of 1
[2025-10-30T13:25:06.362+0000] {taskinstance.py:2191} INFO - Executing <Task(_PythonDecoratedOperator): PutElasticSearch> on 2025-10-30 13:24:00+00:00
[2025-10-30T13:25:06.370+0000] {standard_task_runner.py:60} INFO - Started process 4254 to run task
[2025-10-30T13:25:06.374+0000] {standard_task_runner.py:87} INFO - Running: ['***', 'tasks', 'run', 'dag2_kafka_elastic_gcs', 'PutElasticSearch', 'scheduled__2025-10-30T13:24:00+00:00', '--job-id', '1837', '--raw', '--subdir', 'DAGS_FOLDER/dag2_elastic_gcs_ingestion.py', '--cfg-path', '/tmp/tmpbn7tqqc6']
[2025-10-30T13:25:06.380+0000] {standard_task_runner.py:88} INFO - Job 1837: Subtask PutElasticSearch
[2025-10-30T13:25:06.440+0000] {task_command.py:423} INFO - Running <TaskInstance: dag2_kafka_elastic_gcs.PutElasticSearch scheduled__2025-10-30T13:24:00+00:00 [running]> on host 46f6cfd4d166
[2025-10-30T13:25:06.562+0000] {taskinstance.py:2480} INFO - Exporting env vars: AIRFLOW_CTX_DAG_OWNER='***' AIRFLOW_CTX_DAG_ID='dag2_kafka_elastic_gcs' AIRFLOW_CTX_TASK_ID='PutElasticSearch' AIRFLOW_CTX_EXECUTION_DATE='2025-10-30T13:24:00+00:00' AIRFLOW_CTX_TRY_NUMBER='1' AIRFLOW_CTX_DAG_RUN_ID='scheduled__2025-10-30T13:24:00+00:00'
[2025-10-30T13:25:06.566+0000] {warnings.py:109} WARNING - /home/***/.local/lib/python3.8/site-packages/***/operators/python.py:216: AirflowProviderDeprecationWarning: This class is deprecated.
            Please use `***.providers.elasticsearch.hooks.elasticsearch.ElasticsearchSQLHook`.
  return self.python_callable(*self.op_args, **self.op_kwargs)

[2025-10-30T13:25:06.568+0000] {crypto.py:82} WARNING - empty cryptography key - values will not be stored encrypted.
[2025-10-30T13:25:06.570+0000] {base.py:83} INFO - Using connection ID 'elasticsearch_default' for task execution.
[2025-10-30T13:25:06.858+0000] {_transport.py:335} INFO - HEAD http://clustersdaelatsic.eastus.cloudapp.azure.com:9200/taxi_rides [status:200 duration:0.284s]
[2025-10-30T13:25:06.982+0000] {_transport.py:335} INFO - POST http://clustersdaelatsic.eastus.cloudapp.azure.com:9200/taxi_rides/_doc [status:201 duration:0.123s]
[2025-10-30T13:25:06.984+0000] {dag2_elastic_gcs_ingestion.py:136} INFO - 📤 Donnée indexée dans 'taxi_rides': {'confort': 'standard', 'prix_base_per_km': 2, 'client_nom': 'FALL', 'driver_nom': 'DIOP', 'distance_km': 947.63, 'travel_cost': 1895.27, 'agent_timestamp': '2025-10-30T13:25:04.270574', 'client_location': {'lat': 48.88788877295766, 'lon': 2.375471605202055}, 'driver_location': {'lat': 40.41673791351537, 'lon': 3.6905723948788944}}
[2025-10-30T13:25:06.984+0000] {python.py:201} INFO - Done. Returned value was: None
[2025-10-30T13:25:06.996+0000] {taskinstance.py:1138} INFO - Marking task as SUCCESS. dag_id=dag2_kafka_elastic_gcs, task_id=PutElasticSearch, execution_date=20251030T132400, start_date=20251030T132506, end_date=20251030T132506
[2025-10-30T13:25:07.029+0000] {local_task_job_runner.py:234} INFO - Task exited with return code 0
[2025-10-30T13:25:07.051+0000] {taskinstance.py:3280} INFO - 0 downstream tasks scheduled from follow-on schedule check
